<?xml version="1.0" encoding="UTF-8"?>
<testsuite xmlns:xsi="http://www.w3.org/2001/XMLSchema-instance" xsi:noNamespaceSchemaLocation="https://maven.apache.org/surefire/maven-surefire-plugin/xsd/surefire-test-report-3.0.xsd" version="3.0" name="exercicio_01_Test.CalculadoraTest" time="0.495" tests="3" errors="0" skipped="0" failures="0">
  <properties>
[...]
</properties>
  <testcase name="somaDeveSerAssociativa" classname="exercicio_01_Test.CalculadoraTest" time="0.316">
    <system-out><![CDATA[timestamp = 2025-03-09T21:42:45.005923500, CalculadoraTest:somaDeveSerAssociativa = 
                              |-----------------------jqwik-----------------------
tries = 1000                  | # of calls to property
checks = 1000                 | # of not rejected calls
generation = RANDOMIZED       | parameters are randomly generated
after-failure = SAMPLE_FIRST  | try previously failed sample, then previous seed
when-fixed-seed = ALLOW       | fixing the random seed is allowed
edge-cases#mode = MIXIN       | edge cases are mixed in
edge-cases#total = 0          | # of all combined edge cases
edge-cases#tried = 0          | # of edge cases tried in current run
seed = -2861270807948425001   | random seed to reproduce generated values


]]></system-out>
  </testcase>
  <testcase name="somaDeveSerComutativa" classname="exercicio_01_Test.CalculadoraTest" time="0.072">
    <system-out><![CDATA[timestamp = 2025-03-09T21:42:45.080920300, CalculadoraTest:somaDeveSerComutativa = 
                              |-----------------------jqwik-----------------------
tries = 1000                  | # of calls to property
checks = 1000                 | # of not rejected calls
generation = RANDOMIZED       | parameters are randomly generated
after-failure = SAMPLE_FIRST  | try previously failed sample, then previous seed
when-fixed-seed = ALLOW       | fixing the random seed is allowed
edge-cases#mode = MIXIN       | edge cases are mixed in
edge-cases#total = 10         | # of all combined edge cases
edge-cases#tried = 10         | # of edge cases tried in current run
seed = -5872393217639503601   | random seed to reproduce generated values


]]></system-out>
  </testcase>
  <testcase name="somaDeveManterElementoNeutro" classname="exercicio_01_Test.CalculadoraTest" time="0.084">
    <system-out><![CDATA[timestamp = 2025-03-09T21:42:45.167955100, CalculadoraTest:somaDeveManterElementoNeutro = 
                              |-----------------------jqwik-----------------------
tries = 1000                  | # of calls to property
checks = 1000                 | # of not rejected calls
generation = RANDOMIZED       | parameters are randomly generated
after-failure = SAMPLE_FIRST  | try previously failed sample, then previous seed
when-fixed-seed = ALLOW       | fixing the random seed is allowed
edge-cases#mode = MIXIN       | edge cases are mixed in
edge-cases#total = 10         | # of all combined edge cases
edge-cases#tried = 10         | # of edge cases tried in current run
seed = 7292122900770136655    | random seed to reproduce generated values


]]></system-out>
  </testcase>
</testsuite>